0 silly argv {
0 silly argv   _: [ 'exec' ],
0 silly argv   scope: 'app',
0 silly argv   args: [ 'start' ],
0 silly argv   lernaVersion: '3.22.1',
0 silly argv   '$0': 'node_modules/lerna/cli.js',
0 silly argv   cmd: 'yarn'
0 silly argv }
1 notice cli v3.22.1
2 verbose rootPath /Users/jarettdunn/wumboo
3 error Error: Invalid package name "globals@^26.6.2": name can only contain URL-friendly characters
3 error     at invalidPackageName (/Users/jarettdunn/wumboo/node_modules/.pnpm/npm-package-arg@6.1.1/node_modules/npm-package-arg/npa.js:86:15)
3 error     at Result.setName (/Users/jarettdunn/wumboo/node_modules/.pnpm/npm-package-arg@6.1.1/node_modules/npm-package-arg/npa.js:121:11)
3 error     at new Result (/Users/jarettdunn/wumboo/node_modules/.pnpm/npm-package-arg@6.1.1/node_modules/npm-package-arg/npa.js:111:23)
3 error     at Function.resolve (/Users/jarettdunn/wumboo/node_modules/.pnpm/npm-package-arg@6.1.1/node_modules/npm-package-arg/npa.js:58:15)
3 error     at /Users/jarettdunn/wumboo/node_modules/.pnpm/@lerna+package-graph@3.18.5/node_modules/@lerna/package-graph/index.js:61:30
3 error     at Array.forEach (<anonymous>)
3 error     at /Users/jarettdunn/wumboo/node_modules/.pnpm/@lerna+package-graph@3.18.5/node_modules/@lerna/package-graph/index.js:55:38
3 error     at PackageGraph.forEach (<anonymous>)
3 error     at new PackageGraph (/Users/jarettdunn/wumboo/node_modules/.pnpm/@lerna+package-graph@3.18.5/node_modules/@lerna/package-graph/index.js:44:10)
